[PMAC_HARDWARE]
[PMAC_CONFIG]
Loading PMAC Defaults ($$$***) Configuration
[PMAC_PROJECT]
[PMAC_PROJECT]
[PMAC_PROJECT]
[PMAC_PROJECT]
[PMAC_PROJECT]
[PMAC_PROJECT]
[PMAC_PROJECT]
[PMAC_PROJECT]
[PMAC_PROJECT]
/var/ftp/usrflash/Project/PMAC Script Language/Motion Programs/prog7.pmc:7:1: Preprocessing Error: Prog Buffer Open: on string:"global filterPosition;"
[PMAC_PROJECT]
/var/ftp/usrflash/Project/PMAC Script Language/Motion Programs/prog7.pmc:8:1: error #31: invalid function in equation: L0 = FilterPosition*400
Error: downloading preprocessed File: "/var/ftp/usrflash/Temp/pp_proj.pma"
[PMAC_PROJECT]
[PMAC_PROJECT]
[PMAC_PROJECT]
[PMAC_PROJECT]
[PMAC_PROJECT]
[PMAC_PROJECT]
[PMAC_PROJECT]
[PMAC_PROJECT]
[PMAC_PROJECT]
[PMAC_PROJECT]
[PMAC_PROJECT]
[PMAC_PROJECT]
[PMAC_PROJECT]
[PMAC_PROJECT]
